[18332:25648:2022-4-22 20:4:40.253] Main Start
[18332:25648:2022-4-22 20:4:40.253] Command line:"E:\Customer Projects\Platinum Conventional\Unity\Platinum Conventional\Assets\_Models\Environment\Mine environment\Production\Textures\Zoom_cm_fo42anktZ9vvrZo4_ms-lZRKXcIUJeeFrvUB50knhDtlBuAEgLoWXD@YXfB8Ec5K7iDnXej_k8db025fef20a93dc_.exe"  Instance:0xB20000 Show State:1
[18332:25648:2022-4-22 20:4:40.284] E:\
[18332:25280:2022-4-22 20:4:40.287] [process_requst] start, url:https://us02web.zoom.us/conf/launch
[18332:25280:2022-4-22 20:4:41.321] [req_state_read_status_code] zHttpQueryInfo complete, status:200
[18332:25280:2022-4-22 20:4:41.321] [req_state_read_status_code] zHttpQueryInfo complete, status:200 Error: 0
[18332:25280:2022-4-22 20:4:41.321] [log_response_content] Content length (1048576 as unknown):1668 , Total read: 1668 , Error No: 0 , Status code: 200
[18332:25280:2022-4-22 20:4:41.321] [log_response_content] header:
[18332:25280:2022-4-22 20:4:41.321] HTTP/1.1 200 
Content-Type: text/plain;charset=utf-8
Content-Length: 1668
Connection: keep-alive
x-zm-trackingid: v=2.0;clid=us02;rid=WEB_af8a03024667a23c80f8ccdcc46bc708
X-Content-Type-Options: nosniff
Content-Security-Policy: upgrade-insecure-requests; default-src https://*.zoom.us https://zoom.us blob: 'self'; img-src https: about: blob: data: 'self'; style-src https: safari-extension: chrome-extension: 'unsafe-inline' data: 'self'; font-src https: safari-extension: chrome-extension: blob: data: 'self'; connect-src * about: blob: data: 'self'; media-src * rtmp: blob: data: 'self'; frame-src https: ms-appx-web: zoommtg: zoomus: wvjbscheme: data: 'self'; object-src 'none'; base-uri 'none';
X-FRAME-OPTIONS: SAMEORIGIN
Set-Cookie: zm_aid=""; Domain=.zoom.us; Expires=Thu, 01-Jan-1970 00:00:10 GMT; Path=/; Secure; HttpOnly
Set-Cookie: zm_haid=""; Domain=.zoom.us; Expires=Thu, 01-Jan-1970 00:00:10 GMT; Path=/; Secure; HttpOnly
Set-Cookie: zm_tmaid=""; Domain=.zoom.us; Expires=Thu, 01-Jan-1970 00:00:10 GMT; Path=/; Secure; HttpOnly
Set-Cookie: zm_htmaid=""; Domain=.zoom.us; Expires=Thu, 01-Jan-1970 00:00:10 GMT; Path=/; Secure; HttpOnly
Set-Cookie: cred=2E9B99A3DAC373EC93AE47C02BAC803A; Path=/; Secure; HttpOnly
Set-Cookie: _zm_page_auth=us02_c_vAcQ9Oa3RX652ZskRmDIKQ; Domain=.zoom.us; Path=/; Secure; HttpOnly
p3p: CP="NOI ADM DEV PSAi COM NAV OUR OTR STP IND DEM"
Set-Cookie: _zm_ssid=us02_c_xLH4VDvQT9yhNtWbGu7EZg; Domain=.zoom.us; Path=/; Secure; HttpOnly
Set-Cookie: _zm_ctaid=7Tm4fOmjRd-egBtZmJxvyw.1650650682163.061b95da6049775c268a4e4323c9527d; Domain=.zoom.us; Expires=Fri, 22-Apr-2022 20:04:42 GMT; Path=/; Secure; HttpOnly
Set-Cookie: _zm_chtaid=558; Domain=.zoom.us; Expires=Fri, 22-Apr-2022 20:04:42 GMT; Path=/; Secure; HttpOnly
x-zm-zoneid: VA2
Set-Cookie: _zm_mtk_guid=3ea5fd20af7a46b4ab7c426c2cd79374; Domain=.zoom.us; Expires=Sun, 21-Apr-2024 18:04:42 GMT; Path=/; Secure; HttpOnly
Strict-Transport-Security: max-age=31536000; includeSubDomains
X-XSS-Protection: 1; mode=block
Referrer-Policy: strict-origin-when-cross-origin
Set-Cookie: TS01d0dc3f=01bbf59e3bf14ccc312240a4b909f97169a821644c5f5aa6c4de3a147b52f6f49ea6220f703e27f0c5aa4489ed21b94827cdbbb98a; Path=/; Secure; HttpOnly; SameSite=Strict;
Set-Cookie: TS01a42040=01bbf59e3bf14ccc312240a4b909f97169a821644c5f5aa6c4de3a147b52f6f49ea6220f703e27f0c5aa4489ed21b94827cdbbb98a; path=/; domain=.zoom.us


[18332:25280:2022-4-22 20:4:41.321] [process_requst] End for url:https://us02web.zoom.us/conf/launch, return code:200, Error:0, Response content size:1668
[18332:25648:2022-4-22 20:4:41.337] [client_has_installed_app] found path:
[18332:25648:2022-4-22 20:4:41.337]  ***NULL-POINTER-PLACEHOLDER***
[18332:25648:2022-4-22 20:4:41.338] [param_query_local_path] path is: C:\Users\vampt\AppData\Roaming\Zoom\ZoomDownload\ dir create response : 1 system error: 1008
[18332:25648:2022-4-22 20:4:41.338] [downloader_run] State:0
[18332:27888:2022-4-22 20:4:41.338] [process_requst] start, url:https://us02web.zoom.us/client/latest/Installer.exe?archType=x64
[18332:25648:2022-4-22 20:4:41.338] [client_has_installed_app] found path:
[18332:25648:2022-4-22 20:4:41.338]  ***NULL-POINTER-PLACEHOLDER***
[18332:27888:2022-4-22 20:4:42.392] [req_state_read_status_code] zHttpQueryInfo complete, status:200
[18332:27888:2022-4-22 20:4:42.392] [req_state_read_status_code] zHttpQueryInfo complete, status:200 Error: 0
[18332:27888:2022-4-22 20:4:42.557] [read_response_file] Status Code:200, content length: 928128, total read: 928128, error code: 0
[18332:27888:2022-4-22 20:4:42.560] [process_requst] End for url:https://us02web.zoom.us/client/latest/Installer.exe?archType=x64, return code:200, Error:0, Response content size:0
[18332:25648:2022-4-22 20:4:42.584] [handle_download_job_done] Index: 1 Curr index: 1 StatusCode: 200 Error: 0 Response is Empty. 
[18332:27888:2022-4-22 20:4:42.742] [process_requst] start, url:https://us02web.zoom.us/client/latest/Zoom.msi?archType=x64
[18332:27888:2022-4-22 20:4:43.727] [req_state_read_status_code] zHttpQueryInfo complete, status:200
[18332:27888:2022-4-22 20:4:43.727] [req_state_read_status_code] zHttpQueryInfo complete, status:200 Error: 0
[18332:27888:2022-4-22 20:4:45.777] [read_response_file] Status Code:200, content length: 24022812, total read: 24022812, error code: 0
[18332:27888:2022-4-22 20:4:45.824] [process_requst] End for url:https://us02web.zoom.us/client/latest/Zoom.msi?archType=x64, return code:200, Error:0, Response content size:0
[18332:25648:2022-4-22 20:4:45.834] [handle_download_job_done] Index: 2 Curr index: 2 StatusCode: 200 Error: 0 Response is Empty. 
[18332:25648:2022-4-22 20:4:45.842] C:\Users\vampt\AppData\Roaming\Zoom\ZoomDownload\Installer.exe
[18332:25648:2022-4-22 20:4:45.842] ZInstaller --conf.mode=silent --ipc_wnd=462892
[18332:25648:2022-4-22 20:4:45.990] [launch_silent_install] Installer process created, result:42
[18332:25648:2022-4-22 20:4:52.916] C:\Users\vampt\AppData\Roaming\Zoom\bin\Zoom.exe
[18332:25648:2022-4-22 20:4:52.923] client_launch_app: 
[18332:25648:2022-4-22 20:4:52.923] C:\Users\vampt\AppData\Roaming\Zoom\bin\Zoom.exe
[18332:25648:2022-4-22 20:4:52.923] "--url=zoommtg://win.launch?h.domain=us02web.zoom.us&h.path=join&confid=dXNzPU5jQ3hOSl9tWnBzY3ZNdl9seTZySFpzTjhTODluWVVFTDdaV1E2alBmZUpMMFRSSS1Qb293LS1uM0NFN09yanhuM0NLQWVJWUZZX2tXNmQyMi1aU3M4X1N1Y1lLLkFMX1o2OXEzS1I3UldwQjkmdGlkPWFjYjQzMGQ2NDczNjQwZDU5NzRhNmEyNGQ5NjA1YjFm&mcv=0.92.11227.0929&stype=0&zc=0&browser=opera&action=join&confno=89353428058&pwd=REh4NUlGS2JQUFN2OHZpL3gzc2YrUT09"
[18332:25648:2022-4-22 20:4:52.993] [client_launch_app] Zoom app process created, result:42
[18332:25648:2022-4-22 20:4:53.64] Main End
